<?xml version="1.0" encoding="UTF-8"?>
<!-- Generated by org.testng.reporters.JUnitXMLReporter -->
<testsuite hostname="DESKTOP-5G43MJ1" ignored="0" name="Test" tests="6" failures="0" timestamp="2021-10-18T21:19:40 IST" time="0.1" errors="0">
  <testcase name="two" time="0.009" classname="qaclickacademy.MavenJava.Lecture_154_155_TwoTest"/>
  <testcase name="twoplus" time="0.001" classname="qaclickacademy.MavenJava.Lecture_154_155_TwoTest"/>
  <testcase name="three" time="0.0" classname="qaclickacademy.MavenJava.Lecture_154_155_ThreeTest"/>
  <testcase name="twoplus" time="0.001" classname="qaclickacademy.MavenJava.Lecture_154_155_ThreeTest"/>
  <testcase name="one" time="0.004" classname="qaclickacademy.MavenJava.Lecture_154_155_Test"/>
  <testcase name="oneplus" time="0.001" classname="qaclickacademy.MavenJava.Lecture_154_155_Test"/>
</testsuite> <!-- Test -->
