<?xml version="1.0" encoding="UTF-8"?>
<testng-results skipped="0" failed="0" ignored="0" total="1" passed="1">
  <reporter-output>
  </reporter-output>
  <suite name="Default suite" duration-ms="61" started-at="2021-10-17T23:18:33 IST" finished-at="2021-10-17T23:18:33 IST">
    <groups>
    </groups>
    <test name="Default test" duration-ms="61" started-at="2021-10-17T23:18:33 IST" finished-at="2021-10-17T23:18:33 IST">
      <class name="qaclickacademy.MavenJava.OneTest">
        <test-method status="PASS" signature="one()[pri:0, instance:qaclickacademy.MavenJava.OneTest@30b8a058]" name="one" duration-ms="9" started-at="2021-10-17T23:18:33 IST" finished-at="2021-10-17T23:18:33 IST">
          <reporter-output>
          </reporter-output>
        </test-method> <!-- one -->
      </class> <!-- qaclickacademy.MavenJava.OneTest -->
    </test> <!-- Default test -->
  </suite> <!-- Default suite -->
</testng-results>
